<?xml version="1.0" encoding="UTF-8"?>
<testsuite name="RegularPolygonTest" tests="1" skipped="0" failures="0" errors="0" timestamp="2024-01-02T19:00:01" hostname="HPLAPTOP" time="0.004">
  <properties/>
  <testcase name="testSolution" classname="RegularPolygonTest" time="0.004"/>
  <system-out><![CDATA[]]></system-out>
  <system-err><![CDATA[]]></system-err>
</testsuite>
