<?xml version="1.0" encoding="UTF-8"?>
<testsuite name="CarRentalTest" tests="1" skipped="0" failures="0" errors="0" timestamp="2023-12-31T16:45:26" hostname="HPLAPTOP" time="0.002">
  <properties/>
  <testcase name="testSolution" classname="CarRentalTest" time="0.002"/>
  <system-out><![CDATA[]]></system-out>
  <system-err><![CDATA[]]></system-err>
</testsuite>
