<?xml version="1.0" encoding="UTF-8"?>
<testsuite name="QuadraticTest" tests="1" skipped="0" failures="0" errors="0" timestamp="2023-12-31T20:51:41" hostname="HPLAPTOP" time="0.003">
  <properties/>
  <testcase name="testSolution" classname="QuadraticTest" time="0.003"/>
  <system-out><![CDATA[]]></system-out>
  <system-err><![CDATA[]]></system-err>
</testsuite>
