<?xml version="1.0" encoding="UTF-8"?>
<testsuite name="SwingExampleTest" tests="1" skipped="0" failures="0" errors="0" timestamp="2024-01-02T19:28:21" hostname="HPLAPTOP" time="0.508">
  <properties/>
  <testcase name="testSolution" classname="SwingExampleTest" time="0.508"/>
  <system-out><![CDATA[]]></system-out>
  <system-err><![CDATA[]]></system-err>
</testsuite>
