<?xml version="1.0" encoding="UTF-8"?>
<testsuite name="EasterTest" tests="1" skipped="0" failures="0" errors="0" timestamp="2023-12-31T02:30:16" hostname="HPLAPTOP" time="0.004">
  <properties/>
  <testcase name="testSolution" classname="EasterTest" time="0.004"/>
  <system-out><![CDATA[7
]]></system-out>
  <system-err><![CDATA[]]></system-err>
</testsuite>
